2019-02-12 15:13:42 INFO  ProcessUpdateMO:156 - ProcessUpdateMO Ease2pay POSTALCODE 1.0.0
2019-02-12 15:13:42 INFO  ProcessUpdateMO:157 - Copyright 2018-2019 (c) Ease2pay B.V.
2019-02-12 15:13:42 ERROR ProcessUpdateMO:32 - Not all arguments are provided
2019-02-12 15:13:42 INFO  ProcessUpdateMO:162 - Usage ProcessUpdateMO:
2019-02-12 15:13:42 INFO  ProcessUpdateMO:163 - ProcessUpdateMO -c <configfile>
2019-02-12 15:15:00 INFO  ProcessUpdateMO:156 - ProcessUpdateMO Ease2pay POSTALCODE 1.0.0
2019-02-12 15:15:00 INFO  ProcessUpdateMO:157 - Copyright 2018-2019 (c) Ease2pay B.V.
2019-02-12 15:15:00 DEBUG Datasource:94 - Dsn name:[postalcode] 
2019-02-12 15:15:00 DEBUG Datasource:95 - [postalcode] database driver [com.mysql.jdbc.Driver]:
2019-02-12 15:15:00 DEBUG Datasource:96 - [postalcode] database url [jdbc:mysql://localhost:3306/myorder?useSSL=false]:
2019-02-12 15:15:00 DEBUG Datasource:97 - [postalcode] database user [postalcode]:
2019-02-12 15:15:00 DEBUG Datasource:98 - [postalcode] database password: [postalcode]
2019-02-12 15:15:00 DEBUG Datasource:99 - [postalcode] database name: [postalcode]
2019-02-12 15:15:00 DEBUG JdbcInfo:150 - Jdbc driver:[com.mysql.jdbc.Driver]
2019-02-12 15:15:00 DEBUG JdbcInfo:151 - Jdbc connection url:[jdbc:mysql://localhost:3306/myorder?useSSL=false]
2019-02-12 15:15:00 DEBUG JdbcInfo:174 - Connection to database succesfull established to database name:[MySQL] version:[5.6.41]
2019-02-12 15:15:00 ERROR JdbcInfo:236 - SQLException in doDBQuery: Message:[Table 'myorder.mut_straat' doesn't exist] Errorcode:[1146]  SQLState:[42S02]
2019-02-12 15:15:00 ERROR JdbcInfo:237 - SQLQuery:[SELECT * FROM mut_straat WHERE type='update']
2019-02-12 15:15:00 DEBUG JdbcInfo:136 - Driver:[com.mysql.jdbc.Driver] Url:[jdbc:mysql://localhost:3306/myorder?useSSL=false] User:[postalcode] Connection:[com.mysql.jdbc.JDBC4Connection@383534aa]
2019-02-12 15:15:00 ERROR ProcessUpdateMO:100 - SQLException:[null] Errorcode:[{}] SQLState:[{}]
2019-02-12 15:15:00 DEBUG JdbcInfo:197 - Connection succesfull closed
2019-02-12 15:16:01 INFO  ProcessUpdateMO:156 - ProcessUpdateMO Ease2pay POSTALCODE 1.0.0
2019-02-12 15:16:01 INFO  ProcessUpdateMO:157 - Copyright 2018-2019 (c) Ease2pay B.V.
2019-02-12 15:16:01 DEBUG Datasource:94 - Dsn name:[postalcode] 
2019-02-12 15:16:01 DEBUG Datasource:95 - [postalcode] database driver [com.mysql.jdbc.Driver]:
2019-02-12 15:16:01 DEBUG Datasource:96 - [postalcode] database url [jdbc:mysql://localhost:3306/postalcode?useSSL=false]:
2019-02-12 15:16:01 DEBUG Datasource:97 - [postalcode] database user [postalcode]:
2019-02-12 15:16:01 DEBUG Datasource:98 - [postalcode] database password: [postalcode]
2019-02-12 15:16:01 DEBUG Datasource:99 - [postalcode] database name: [postalcode]
2019-02-12 15:16:01 DEBUG JdbcInfo:150 - Jdbc driver:[com.mysql.jdbc.Driver]
2019-02-12 15:16:01 DEBUG JdbcInfo:151 - Jdbc connection url:[jdbc:mysql://localhost:3306/postalcode?useSSL=false]
2019-02-12 15:16:02 DEBUG JdbcInfo:174 - Connection to database succesfull established to database name:[MySQL] version:[5.6.41]
2019-02-12 15:16:02 DEBUG JdbcInfo:229 - SQLQuery executed:[SELECT * FROM mut_straat WHERE type='update'] Column count:[5] Auto commit mode:[false] Transaction isolation:[1]
2019-02-12 15:16:02 INFO  ProcessUpdateMO:66 - Size of rsstreetupdate:[0]
2019-02-12 15:16:02 DEBUG JdbcInfo:229 - SQLQuery executed:[SELECT * FROM mut_straat WHERE type='delete'] Column count:[5] Auto commit mode:[false] Transaction isolation:[1]
2019-02-12 15:16:02 INFO  ProcessUpdateMO:70 - Size of rsstreetdelete:[0]
2019-02-12 15:16:02 DEBUG JdbcInfo:229 - SQLQuery executed:[SELECT * FROM mut_straat WHERE type='insert'] Column count:[5] Auto commit mode:[false] Transaction isolation:[1]
2019-02-12 15:16:02 INFO  ProcessUpdateMO:74 - Size of rsstreetinsert:[0]
2019-02-12 15:16:02 DEBUG JdbcInfo:197 - Connection succesfull closed
2019-02-12 15:19:09 INFO  ProcessUpdateMO:155 - ProcessUpdateMO Ease2pay POSTALCODE 1.0.0
2019-02-12 15:19:09 INFO  ProcessUpdateMO:156 - Copyright 2018-2019 (c) Ease2pay B.V.
2019-02-12 15:19:09 DEBUG Datasource:94 - Dsn name:[postalcode] 
2019-02-12 15:19:09 DEBUG Datasource:95 - [postalcode] database driver [com.mysql.jdbc.Driver]:
2019-02-12 15:19:09 DEBUG Datasource:96 - [postalcode] database url [jdbc:mysql://localhost:3306/postalcode?useSSL=false]:
2019-02-12 15:19:09 DEBUG Datasource:97 - [postalcode] database user [postalcode]:
2019-02-12 15:19:09 DEBUG Datasource:98 - [postalcode] database password: [postalcode]
2019-02-12 15:19:09 DEBUG Datasource:99 - [postalcode] database name: [postalcode]
2019-02-12 15:19:09 DEBUG JdbcInfo:150 - Jdbc driver:[com.mysql.jdbc.Driver]
2019-02-12 15:19:09 DEBUG JdbcInfo:151 - Jdbc connection url:[jdbc:mysql://localhost:3306/postalcode?useSSL=false]
2019-02-12 15:19:10 DEBUG JdbcInfo:174 - Connection to database succesfull established to database name:[MySQL] version:[5.6.41]
2019-02-12 15:19:10 DEBUG JdbcInfo:229 - SQLQuery executed:[SELECT * FROM mut_straat WHERE type='update'] Column count:[5] Auto commit mode:[false] Transaction isolation:[1]
2019-02-12 15:19:10 INFO  ProcessUpdateMO:66 - Size of rsstreetupdate:[0]
2019-02-12 15:19:10 DEBUG JdbcInfo:229 - SQLQuery executed:[SELECT * FROM mut_straat WHERE type='delete'] Column count:[5] Auto commit mode:[false] Transaction isolation:[1]
2019-02-12 15:19:10 INFO  ProcessUpdateMO:70 - Size of rsstreetdelete:[0]
2019-02-12 15:19:10 DEBUG JdbcInfo:229 - SQLQuery executed:[SELECT * FROM mut_straat WHERE type='insert'] Column count:[5] Auto commit mode:[false] Transaction isolation:[1]
2019-02-12 15:19:10 INFO  ProcessUpdateMO:74 - Size of rsstreetinsert:[0]
2019-02-12 15:19:10 DEBUG JdbcInfo:197 - Connection succesfull closed
2019-02-12 15:23:46 INFO  ProcessUpdateMO:152 - ProcessUpdateMO Ease2pay POSTALCODE 1.0.0
2019-02-12 15:23:46 INFO  ProcessUpdateMO:153 - Copyright 2018-2019 (c) Ease2pay B.V.
2019-02-12 15:23:46 DEBUG Datasource:94 - Dsn name:[postalcode] 
2019-02-12 15:23:46 DEBUG Datasource:95 - [postalcode] database driver [com.mysql.jdbc.Driver]:
2019-02-12 15:23:46 DEBUG Datasource:96 - [postalcode] database url [jdbc:mysql://localhost:3306/postalcode?useSSL=false]:
2019-02-12 15:23:46 DEBUG Datasource:97 - [postalcode] database user [postalcode]:
2019-02-12 15:23:46 DEBUG Datasource:98 - [postalcode] database password: [postalcode]
2019-02-12 15:23:46 DEBUG Datasource:99 - [postalcode] database name: [postalcode]
2019-02-12 15:23:46 DEBUG JdbcInfo:150 - Jdbc driver:[com.mysql.jdbc.Driver]
2019-02-12 15:23:46 DEBUG JdbcInfo:151 - Jdbc connection url:[jdbc:mysql://localhost:3306/postalcode?useSSL=false]
2019-02-12 15:23:46 DEBUG JdbcInfo:174 - Connection to database succesfull established to database name:[MySQL] version:[5.6.41]
2019-02-12 15:23:46 DEBUG JdbcInfo:229 - SQLQuery executed:[SELECT * FROM mut_straat WHERE type='update'] Column count:[5] Auto commit mode:[false] Transaction isolation:[1]
2019-02-12 15:23:46 DEBUG JdbcInfo:229 - SQLQuery executed:[SELECT * FROM mut_straat WHERE type='delete'] Column count:[5] Auto commit mode:[false] Transaction isolation:[1]
2019-02-12 15:23:46 DEBUG JdbcInfo:229 - SQLQuery executed:[SELECT * FROM mut_straat WHERE type='insert'] Column count:[5] Auto commit mode:[false] Transaction isolation:[1]
2019-02-12 15:23:46 INFO  ProcessUpdateMO:71 - No. of columns:[5]
2019-02-12 15:23:46 DEBUG JdbcInfo:197 - Connection succesfull closed
2019-02-12 15:34:02 INFO  ProcessUpdateMO:295 - ProcessUpdateMO Ease2pay POSTALCODE 1.0.0
2019-02-12 15:34:02 INFO  ProcessUpdateMO:296 - Copyright 2018-2019 (c) Ease2pay B.V.
2019-02-12 15:34:02 DEBUG Datasource:94 - Dsn name:[postalcode] 
2019-02-12 15:34:02 DEBUG Datasource:95 - [postalcode] database driver [com.mysql.jdbc.Driver]:
2019-02-12 15:34:02 DEBUG Datasource:96 - [postalcode] database url [jdbc:mysql://localhost:3306/postalcode?useSSL=false]:
2019-02-12 15:34:02 DEBUG Datasource:97 - [postalcode] database user [postalcode]:
2019-02-12 15:34:02 DEBUG Datasource:98 - [postalcode] database password: [postalcode]
2019-02-12 15:34:02 DEBUG Datasource:99 - [postalcode] database name: [postalcode]
2019-02-12 15:34:02 DEBUG JdbcInfo:150 - Jdbc driver:[com.mysql.jdbc.Driver]
2019-02-12 15:34:02 DEBUG JdbcInfo:151 - Jdbc connection url:[jdbc:mysql://localhost:3306/postalcode?useSSL=false]
2019-02-12 15:34:02 DEBUG JdbcInfo:174 - Connection to database succesfull established to database name:[MySQL] version:[5.6.41]
2019-02-12 15:34:03 DEBUG JdbcInfo:229 - SQLQuery executed:[SELECT * FROM mut_straat WHERE type='update'] Column count:[5] Auto commit mode:[false] Transaction isolation:[1]
2019-02-12 15:34:03 DEBUG JdbcInfo:229 - SQLQuery executed:[SELECT * FROM mut_straat WHERE type='delete'] Column count:[5] Auto commit mode:[false] Transaction isolation:[1]
2019-02-12 15:34:03 DEBUG JdbcInfo:229 - SQLQuery executed:[SELECT * FROM mut_straat WHERE type='insert'] Column count:[5] Auto commit mode:[false] Transaction isolation:[1]
2019-02-12 15:34:03 DEBUG JdbcInfo:229 - SQLQuery executed:[SELECT * FROM mut_plaats WHERE type='update'] Column count:[6] Auto commit mode:[false] Transaction isolation:[1]
2019-02-12 15:34:03 DEBUG JdbcInfo:229 - SQLQuery executed:[SELECT * FROM mut_plaats WHERE type='insert'] Column count:[6] Auto commit mode:[false] Transaction isolation:[1]
2019-02-12 15:34:03 DEBUG JdbcInfo:229 - SQLQuery executed:[SELECT * FROM mut_plaats WHERE type='delete'] Column count:[6] Auto commit mode:[false] Transaction isolation:[1]
2019-02-12 15:34:03 DEBUG JdbcInfo:229 - SQLQuery executed:[SELECT * FROM mut_pcreeks WHERE type='update'] Column count:[11] Auto commit mode:[false] Transaction isolation:[1]
2019-02-12 15:34:03 DEBUG JdbcInfo:229 - SQLQuery executed:[SELECT * FROM mut_pcreeks WHERE type='delete'] Column count:[11] Auto commit mode:[false] Transaction isolation:[1]
2019-02-12 15:34:03 DEBUG JdbcInfo:229 - SQLQuery executed:[SELECT * FROM mut_pcreeks WHERE type='insert'] Column count:[11] Auto commit mode:[false] Transaction isolation:[1]
2019-02-12 15:34:03 DEBUG JdbcInfo:229 - SQLQuery executed:[SELECT * FROM mut_gemeente WHERE type='update'] Column count:[7] Auto commit mode:[false] Transaction isolation:[1]
2019-02-12 15:34:03 DEBUG JdbcInfo:229 - SQLQuery executed:[SELECT * FROM mut_gemeente WHERE type='insert'] Column count:[7] Auto commit mode:[false] Transaction isolation:[1]
2019-02-12 15:34:03 DEBUG JdbcInfo:229 - SQLQuery executed:[SELECT * FROM mut_gemeente WHERE type='delete'] Column count:[7] Auto commit mode:[false] Transaction isolation:[1]
2019-02-12 15:34:03 DEBUG JdbcInfo:197 - Connection succesfull closed
2019-02-12 15:50:22 INFO  ProcessUpdateMO:327 - ProcessUpdateMO Ease2pay POSTALCODE 1.0.0
2019-02-12 15:50:22 INFO  ProcessUpdateMO:328 - Copyright 2018-2019 (c) Ease2pay B.V.
2019-02-12 15:50:22 DEBUG Datasource:94 - Dsn name:[postalcode] 
2019-02-12 15:50:22 DEBUG Datasource:95 - [postalcode] database driver [com.mysql.jdbc.Driver]:
2019-02-12 15:50:22 DEBUG Datasource:96 - [postalcode] database url [jdbc:mysql://localhost:3306/postalcode?useSSL=false]:
2019-02-12 15:50:22 DEBUG Datasource:97 - [postalcode] database user [postalcode]:
2019-02-12 15:50:22 DEBUG Datasource:98 - [postalcode] database password: [postalcode]
2019-02-12 15:50:22 DEBUG Datasource:99 - [postalcode] database name: [postalcode]
2019-02-12 15:50:22 DEBUG JdbcInfo:150 - Jdbc driver:[com.mysql.jdbc.Driver]
2019-02-12 15:50:22 DEBUG JdbcInfo:151 - Jdbc connection url:[jdbc:mysql://localhost:3306/postalcode?useSSL=false]
2019-02-12 15:50:22 DEBUG JdbcInfo:174 - Connection to database succesfull established to database name:[MySQL] version:[5.6.41]
2019-02-12 15:50:22 DEBUG JdbcInfo:229 - SQLQuery executed:[SELECT * FROM mut_straat WHERE type='update'] Column count:[5] Auto commit mode:[false] Transaction isolation:[1]
2019-02-12 15:50:22 DEBUG JdbcInfo:229 - SQLQuery executed:[SELECT * FROM mut_straat WHERE type='delete'] Column count:[5] Auto commit mode:[false] Transaction isolation:[1]
2019-02-12 15:50:22 INFO  ProcessUpdateMO:135 - Street to be deleted:[258]
2019-02-12 15:50:22 INFO  ProcessUpdateMO:135 - Street to be deleted:[2285]
2019-02-12 15:50:22 INFO  ProcessUpdateMO:135 - Street to be deleted:[55996]
2019-02-12 15:50:22 INFO  ProcessUpdateMO:135 - Street to be deleted:[56014]
2019-02-12 15:50:22 INFO  ProcessUpdateMO:135 - Street to be deleted:[95457]
2019-02-12 15:50:22 INFO  ProcessUpdateMO:135 - Street to be deleted:[101934]
2019-02-12 15:50:22 INFO  ProcessUpdateMO:135 - Street to be deleted:[106009]
2019-02-12 15:50:22 INFO  ProcessUpdateMO:135 - Street to be deleted:[127143]
2019-02-12 15:50:22 INFO  ProcessUpdateMO:135 - Street to be deleted:[127144]
2019-02-12 15:50:22 INFO  ProcessUpdateMO:135 - Street to be deleted:[151870]
2019-02-12 15:50:22 INFO  ProcessUpdateMO:135 - Street to be deleted:[171327]
2019-02-12 15:50:22 INFO  ProcessUpdateMO:135 - Street to be deleted:[211306]
2019-02-12 15:50:22 INFO  ProcessUpdateMO:135 - Street to be deleted:[227898]
2019-02-12 15:50:22 INFO  ProcessUpdateMO:135 - Street to be deleted:[229147]
2019-02-12 15:50:22 INFO  ProcessUpdateMO:135 - Street to be deleted:[236989]
2019-02-12 15:50:22 INFO  ProcessUpdateMO:135 - Street to be deleted:[254622]
2019-02-12 15:50:22 INFO  ProcessUpdateMO:135 - Street to be deleted:[270138]
2019-02-12 15:50:22 INFO  ProcessUpdateMO:135 - Street to be deleted:[273521]
2019-02-12 15:50:23 DEBUG JdbcInfo:229 - SQLQuery executed:[SELECT * FROM mut_straat WHERE type='insert'] Column count:[5] Auto commit mode:[false] Transaction isolation:[1]
2019-02-12 15:50:23 DEBUG JdbcInfo:229 - SQLQuery executed:[SELECT * FROM mut_plaats WHERE type='update'] Column count:[6] Auto commit mode:[false] Transaction isolation:[1]
2019-02-12 15:50:23 DEBUG JdbcInfo:229 - SQLQuery executed:[SELECT * FROM mut_plaats WHERE type='insert'] Column count:[6] Auto commit mode:[false] Transaction isolation:[1]
2019-02-12 15:50:23 DEBUG JdbcInfo:229 - SQLQuery executed:[SELECT * FROM mut_plaats WHERE type='delete'] Column count:[6] Auto commit mode:[false] Transaction isolation:[1]
2019-02-12 15:50:23 DEBUG JdbcInfo:229 - SQLQuery executed:[SELECT * FROM mut_pcreeks WHERE type='update'] Column count:[11] Auto commit mode:[false] Transaction isolation:[1]
2019-02-12 15:50:23 DEBUG JdbcInfo:229 - SQLQuery executed:[SELECT * FROM mut_pcreeks WHERE type='delete'] Column count:[11] Auto commit mode:[false] Transaction isolation:[1]
2019-02-12 15:50:23 DEBUG JdbcInfo:229 - SQLQuery executed:[SELECT * FROM mut_pcreeks WHERE type='insert'] Column count:[11] Auto commit mode:[false] Transaction isolation:[1]
2019-02-12 15:50:23 DEBUG JdbcInfo:229 - SQLQuery executed:[SELECT * FROM mut_gemeente WHERE type='update'] Column count:[7] Auto commit mode:[false] Transaction isolation:[1]
2019-02-12 15:50:23 DEBUG JdbcInfo:229 - SQLQuery executed:[SELECT * FROM mut_gemeente WHERE type='insert'] Column count:[7] Auto commit mode:[false] Transaction isolation:[1]
2019-02-12 15:50:23 DEBUG JdbcInfo:229 - SQLQuery executed:[SELECT * FROM mut_gemeente WHERE type='delete'] Column count:[7] Auto commit mode:[false] Transaction isolation:[1]
2019-02-12 15:50:23 DEBUG JdbcInfo:197 - Connection succesfull closed
2019-02-12 15:51:23 INFO  ProcessUpdateMO:348 - ProcessUpdateMO Ease2pay POSTALCODE 1.0.0
2019-02-12 15:51:23 INFO  ProcessUpdateMO:349 - Copyright 2018-2019 (c) Ease2pay B.V.
2019-02-12 15:51:24 DEBUG Datasource:94 - Dsn name:[postalcode] 
2019-02-12 15:51:24 DEBUG Datasource:95 - [postalcode] database driver [com.mysql.jdbc.Driver]:
2019-02-12 15:51:24 DEBUG Datasource:96 - [postalcode] database url [jdbc:mysql://localhost:3306/postalcode?useSSL=false]:
2019-02-12 15:51:24 DEBUG Datasource:97 - [postalcode] database user [postalcode]:
2019-02-12 15:51:24 DEBUG Datasource:98 - [postalcode] database password: [postalcode]
2019-02-12 15:51:24 DEBUG Datasource:99 - [postalcode] database name: [postalcode]
2019-02-12 15:51:24 DEBUG JdbcInfo:150 - Jdbc driver:[com.mysql.jdbc.Driver]
2019-02-12 15:51:24 DEBUG JdbcInfo:151 - Jdbc connection url:[jdbc:mysql://localhost:3306/postalcode?useSSL=false]
2019-02-12 15:51:24 DEBUG JdbcInfo:174 - Connection to database succesfull established to database name:[MySQL] version:[5.6.41]
2019-02-12 15:51:24 DEBUG JdbcInfo:229 - SQLQuery executed:[SELECT * FROM mut_straat WHERE type='update'] Column count:[5] Auto commit mode:[false] Transaction isolation:[1]
2019-02-12 15:51:24 INFO  ProcessUpdateMO:159 - Street to be updated:[120179]
2019-02-12 15:51:24 INFO  ProcessUpdateMO:159 - Street to be updated:[269669]
2019-02-12 15:51:24 INFO  ProcessUpdateMO:159 - Street to be updated:[270052]
2019-02-12 15:51:24 INFO  ProcessUpdateMO:159 - Street to be updated:[271071]
2019-02-12 15:51:24 INFO  ProcessUpdateMO:159 - Street to be updated:[273733]
2019-02-12 15:51:24 DEBUG JdbcInfo:229 - SQLQuery executed:[SELECT * FROM mut_straat WHERE type='delete'] Column count:[5] Auto commit mode:[false] Transaction isolation:[1]
2019-02-12 15:51:24 INFO  ProcessUpdateMO:145 - Street to be deleted:[258]
2019-02-12 15:51:24 INFO  ProcessUpdateMO:145 - Street to be deleted:[2285]
2019-02-12 15:51:24 INFO  ProcessUpdateMO:145 - Street to be deleted:[55996]
2019-02-12 15:51:24 INFO  ProcessUpdateMO:145 - Street to be deleted:[56014]
2019-02-12 15:51:24 INFO  ProcessUpdateMO:145 - Street to be deleted:[95457]
2019-02-12 15:51:24 INFO  ProcessUpdateMO:145 - Street to be deleted:[101934]
2019-02-12 15:51:24 INFO  ProcessUpdateMO:145 - Street to be deleted:[106009]
2019-02-12 15:51:24 INFO  ProcessUpdateMO:145 - Street to be deleted:[127143]
2019-02-12 15:51:24 INFO  ProcessUpdateMO:145 - Street to be deleted:[127144]
2019-02-12 15:51:24 INFO  ProcessUpdateMO:145 - Street to be deleted:[151870]
2019-02-12 15:51:24 INFO  ProcessUpdateMO:145 - Street to be deleted:[171327]
2019-02-12 15:51:24 INFO  ProcessUpdateMO:145 - Street to be deleted:[211306]
2019-02-12 15:51:24 INFO  ProcessUpdateMO:145 - Street to be deleted:[227898]
2019-02-12 15:51:24 INFO  ProcessUpdateMO:145 - Street to be deleted:[229147]
2019-02-12 15:51:24 INFO  ProcessUpdateMO:145 - Street to be deleted:[236989]
2019-02-12 15:51:24 INFO  ProcessUpdateMO:145 - Street to be deleted:[254622]
2019-02-12 15:51:24 INFO  ProcessUpdateMO:145 - Street to be deleted:[270138]
2019-02-12 15:51:24 INFO  ProcessUpdateMO:145 - Street to be deleted:[273521]
2019-02-12 15:51:24 DEBUG JdbcInfo:229 - SQLQuery executed:[SELECT * FROM mut_straat WHERE type='insert'] Column count:[5] Auto commit mode:[false] Transaction isolation:[1]
2019-02-12 15:51:24 INFO  ProcessUpdateMO:129 - Street to be inserted:[274173]
2019-02-12 15:51:24 INFO  ProcessUpdateMO:129 - Street to be inserted:[274174]
2019-02-12 15:51:24 INFO  ProcessUpdateMO:129 - Street to be inserted:[274175]
2019-02-12 15:51:24 INFO  ProcessUpdateMO:129 - Street to be inserted:[274176]
2019-02-12 15:51:24 INFO  ProcessUpdateMO:129 - Street to be inserted:[274177]
2019-02-12 15:51:24 INFO  ProcessUpdateMO:129 - Street to be inserted:[274178]
2019-02-12 15:51:24 INFO  ProcessUpdateMO:129 - Street to be inserted:[274179]
2019-02-12 15:51:24 INFO  ProcessUpdateMO:129 - Street to be inserted:[274180]
2019-02-12 15:51:24 INFO  ProcessUpdateMO:129 - Street to be inserted:[274181]
2019-02-12 15:51:24 INFO  ProcessUpdateMO:129 - Street to be inserted:[274182]
2019-02-12 15:51:24 INFO  ProcessUpdateMO:129 - Street to be inserted:[274183]
2019-02-12 15:51:24 INFO  ProcessUpdateMO:129 - Street to be inserted:[274184]
2019-02-12 15:51:24 INFO  ProcessUpdateMO:129 - Street to be inserted:[274185]
2019-02-12 15:51:24 INFO  ProcessUpdateMO:129 - Street to be inserted:[274186]
2019-02-12 15:51:24 INFO  ProcessUpdateMO:129 - Street to be inserted:[274187]
2019-02-12 15:51:24 INFO  ProcessUpdateMO:129 - Street to be inserted:[274188]
2019-02-12 15:51:24 INFO  ProcessUpdateMO:129 - Street to be inserted:[274189]
2019-02-12 15:51:24 INFO  ProcessUpdateMO:129 - Street to be inserted:[274190]
2019-02-12 15:51:24 INFO  ProcessUpdateMO:129 - Street to be inserted:[274191]
2019-02-12 15:51:24 INFO  ProcessUpdateMO:129 - Street to be inserted:[274192]
2019-02-12 15:51:24 INFO  ProcessUpdateMO:129 - Street to be inserted:[274193]
2019-02-12 15:51:24 INFO  ProcessUpdateMO:129 - Street to be inserted:[274196]
2019-02-12 15:51:24 INFO  ProcessUpdateMO:129 - Street to be inserted:[274197]
2019-02-12 15:51:24 INFO  ProcessUpdateMO:129 - Street to be inserted:[274198]
2019-02-12 15:51:24 INFO  ProcessUpdateMO:129 - Street to be inserted:[274199]
2019-02-12 15:51:24 INFO  ProcessUpdateMO:129 - Street to be inserted:[274200]
2019-02-12 15:51:24 INFO  ProcessUpdateMO:129 - Street to be inserted:[274201]
2019-02-12 15:51:24 INFO  ProcessUpdateMO:129 - Street to be inserted:[274202]
2019-02-12 15:51:24 INFO  ProcessUpdateMO:129 - Street to be inserted:[274203]
2019-02-12 15:51:24 INFO  ProcessUpdateMO:129 - Street to be inserted:[274204]
2019-02-12 15:51:24 INFO  ProcessUpdateMO:129 - Street to be inserted:[274205]
2019-02-12 15:51:24 INFO  ProcessUpdateMO:129 - Street to be inserted:[274206]
2019-02-12 15:51:24 INFO  ProcessUpdateMO:129 - Street to be inserted:[274207]
2019-02-12 15:51:24 INFO  ProcessUpdateMO:129 - Street to be inserted:[274208]
2019-02-12 15:51:24 INFO  ProcessUpdateMO:129 - Street to be inserted:[274209]
2019-02-12 15:51:24 INFO  ProcessUpdateMO:129 - Street to be inserted:[274210]
2019-02-12 15:51:24 INFO  ProcessUpdateMO:129 - Street to be inserted:[274211]
2019-02-12 15:51:24 INFO  ProcessUpdateMO:129 - Street to be inserted:[274212]
2019-02-12 15:51:24 INFO  ProcessUpdateMO:129 - Street to be inserted:[274213]
2019-02-12 15:51:24 INFO  ProcessUpdateMO:129 - Street to be inserted:[274214]
2019-02-12 15:51:24 INFO  ProcessUpdateMO:129 - Street to be inserted:[274215]
2019-02-12 15:51:24 INFO  ProcessUpdateMO:129 - Street to be inserted:[274216]
2019-02-12 15:51:24 INFO  ProcessUpdateMO:129 - Street to be inserted:[274217]
2019-02-12 15:51:24 INFO  ProcessUpdateMO:129 - Street to be inserted:[274218]
2019-02-12 15:51:24 INFO  ProcessUpdateMO:129 - Street to be inserted:[274219]
2019-02-12 15:51:24 INFO  ProcessUpdateMO:129 - Street to be inserted:[274220]
2019-02-12 15:51:24 INFO  ProcessUpdateMO:129 - Street to be inserted:[274221]
2019-02-12 15:51:24 INFO  ProcessUpdateMO:129 - Street to be inserted:[274222]
2019-02-12 15:51:24 INFO  ProcessUpdateMO:129 - Street to be inserted:[274223]
2019-02-12 15:51:24 INFO  ProcessUpdateMO:129 - Street to be inserted:[274225]
2019-02-12 15:51:24 INFO  ProcessUpdateMO:129 - Street to be inserted:[274226]
2019-02-12 15:51:24 INFO  ProcessUpdateMO:129 - Street to be inserted:[274227]
2019-02-12 15:51:24 INFO  ProcessUpdateMO:129 - Street to be inserted:[274228]
2019-02-12 15:51:24 INFO  ProcessUpdateMO:129 - Street to be inserted:[274229]
2019-02-12 15:51:24 INFO  ProcessUpdateMO:129 - Street to be inserted:[274230]
2019-02-12 15:51:24 INFO  ProcessUpdateMO:129 - Street to be inserted:[274231]
2019-02-12 15:51:24 INFO  ProcessUpdateMO:129 - Street to be inserted:[274232]
2019-02-12 15:51:24 INFO  ProcessUpdateMO:129 - Street to be inserted:[274233]
2019-02-12 15:51:24 INFO  ProcessUpdateMO:129 - Street to be inserted:[274234]
2019-02-12 15:51:24 INFO  ProcessUpdateMO:129 - Street to be inserted:[274235]
2019-02-12 15:51:24 INFO  ProcessUpdateMO:129 - Street to be inserted:[274236]
2019-02-12 15:51:24 INFO  ProcessUpdateMO:129 - Street to be inserted:[274237]
2019-02-12 15:51:24 INFO  ProcessUpdateMO:129 - Street to be inserted:[274238]
2019-02-12 15:51:24 INFO  ProcessUpdateMO:129 - Street to be inserted:[274239]
2019-02-12 15:51:24 INFO  ProcessUpdateMO:129 - Street to be inserted:[274240]
2019-02-12 15:51:24 INFO  ProcessUpdateMO:129 - Street to be inserted:[274241]
2019-02-12 15:51:24 INFO  ProcessUpdateMO:129 - Street to be inserted:[274242]
2019-02-12 15:51:24 INFO  ProcessUpdateMO:129 - Street to be inserted:[274243]
2019-02-12 15:51:24 INFO  ProcessUpdateMO:129 - Street to be inserted:[274244]
2019-02-12 15:51:24 INFO  ProcessUpdateMO:129 - Street to be inserted:[274245]
2019-02-12 15:51:24 INFO  ProcessUpdateMO:129 - Street to be inserted:[274246]
2019-02-12 15:51:24 INFO  ProcessUpdateMO:129 - Street to be inserted:[274247]
2019-02-12 15:51:24 INFO  ProcessUpdateMO:129 - Street to be inserted:[274248]
2019-02-12 15:51:24 INFO  ProcessUpdateMO:129 - Street to be inserted:[274249]
2019-02-12 15:51:24 INFO  ProcessUpdateMO:129 - Street to be inserted:[274250]
2019-02-12 15:51:24 INFO  ProcessUpdateMO:129 - Street to be inserted:[274251]
2019-02-12 15:51:24 INFO  ProcessUpdateMO:129 - Street to be inserted:[274252]
2019-02-12 15:51:24 INFO  ProcessUpdateMO:129 - Street to be inserted:[274253]
2019-02-12 15:51:24 INFO  ProcessUpdateMO:129 - Street to be inserted:[274254]
2019-02-12 15:51:24 INFO  ProcessUpdateMO:129 - Street to be inserted:[274255]
2019-02-12 15:51:24 INFO  ProcessUpdateMO:129 - Street to be inserted:[274256]
2019-02-12 15:51:24 INFO  ProcessUpdateMO:129 - Street to be inserted:[274257]
2019-02-12 15:51:24 INFO  ProcessUpdateMO:129 - Street to be inserted:[274258]
2019-02-12 15:51:24 INFO  ProcessUpdateMO:129 - Street to be inserted:[274259]
2019-02-12 15:51:24 INFO  ProcessUpdateMO:129 - Street to be inserted:[274260]
2019-02-12 15:51:24 INFO  ProcessUpdateMO:129 - Street to be inserted:[274261]
2019-02-12 15:51:24 INFO  ProcessUpdateMO:129 - Street to be inserted:[274262]
2019-02-12 15:51:24 INFO  ProcessUpdateMO:129 - Street to be inserted:[274263]
2019-02-12 15:51:24 INFO  ProcessUpdateMO:129 - Street to be inserted:[274264]
2019-02-12 15:51:24 INFO  ProcessUpdateMO:129 - Street to be inserted:[274265]
2019-02-12 15:51:24 INFO  ProcessUpdateMO:129 - Street to be inserted:[274266]
2019-02-12 15:51:24 INFO  ProcessUpdateMO:129 - Street to be inserted:[274267]
2019-02-12 15:51:24 INFO  ProcessUpdateMO:129 - Street to be inserted:[274268]
2019-02-12 15:51:24 INFO  ProcessUpdateMO:129 - Street to be inserted:[274269]
2019-02-12 15:51:24 INFO  ProcessUpdateMO:129 - Street to be inserted:[274270]
2019-02-12 15:51:24 INFO  ProcessUpdateMO:129 - Street to be inserted:[274271]
2019-02-12 15:51:24 INFO  ProcessUpdateMO:129 - Street to be inserted:[274272]
2019-02-12 15:51:24 INFO  ProcessUpdateMO:129 - Street to be inserted:[274273]
2019-02-12 15:51:24 INFO  ProcessUpdateMO:129 - Street to be inserted:[274274]
2019-02-12 15:51:24 INFO  ProcessUpdateMO:129 - Street to be inserted:[274275]
2019-02-12 15:51:24 INFO  ProcessUpdateMO:129 - Street to be inserted:[274276]
2019-02-12 15:51:24 INFO  ProcessUpdateMO:129 - Street to be inserted:[274277]
2019-02-12 15:51:24 INFO  ProcessUpdateMO:129 - Street to be inserted:[274278]
2019-02-12 15:51:24 INFO  ProcessUpdateMO:129 - Street to be inserted:[274279]
2019-02-12 15:51:24 INFO  ProcessUpdateMO:129 - Street to be inserted:[274280]
2019-02-12 15:51:24 INFO  ProcessUpdateMO:129 - Street to be inserted:[274281]
2019-02-12 15:51:24 INFO  ProcessUpdateMO:129 - Street to be inserted:[274282]
2019-02-12 15:51:24 INFO  ProcessUpdateMO:129 - Street to be inserted:[274283]
2019-02-12 15:51:24 INFO  ProcessUpdateMO:129 - Street to be inserted:[274284]
2019-02-12 15:51:24 INFO  ProcessUpdateMO:129 - Street to be inserted:[274285]
2019-02-12 15:51:24 INFO  ProcessUpdateMO:129 - Street to be inserted:[274286]
2019-02-12 15:51:24 INFO  ProcessUpdateMO:129 - Street to be inserted:[274287]
2019-02-12 15:51:24 INFO  ProcessUpdateMO:129 - Street to be inserted:[274288]
2019-02-12 15:51:24 INFO  ProcessUpdateMO:129 - Street to be inserted:[274289]
2019-02-12 15:51:24 INFO  ProcessUpdateMO:129 - Street to be inserted:[274290]
2019-02-12 15:51:24 INFO  ProcessUpdateMO:129 - Street to be inserted:[274291]
2019-02-12 15:51:24 INFO  ProcessUpdateMO:129 - Street to be inserted:[274292]
2019-02-12 15:51:24 INFO  ProcessUpdateMO:129 - Street to be inserted:[274293]
2019-02-12 15:51:24 INFO  ProcessUpdateMO:129 - Street to be inserted:[274294]
2019-02-12 15:51:24 INFO  ProcessUpdateMO:129 - Street to be inserted:[274295]
2019-02-12 15:51:24 INFO  ProcessUpdateMO:129 - Street to be inserted:[274296]
2019-02-12 15:51:24 INFO  ProcessUpdateMO:129 - Street to be inserted:[274297]
2019-02-12 15:51:24 INFO  ProcessUpdateMO:129 - Street to be inserted:[274298]
2019-02-12 15:51:24 INFO  ProcessUpdateMO:129 - Street to be inserted:[274299]
2019-02-12 15:51:24 INFO  ProcessUpdateMO:129 - Street to be inserted:[274300]
2019-02-12 15:51:24 INFO  ProcessUpdateMO:129 - Street to be inserted:[274306]
2019-02-12 15:51:24 INFO  ProcessUpdateMO:129 - Street to be inserted:[274309]
2019-02-12 15:51:24 INFO  ProcessUpdateMO:129 - Street to be inserted:[274310]
2019-02-12 15:51:24 INFO  ProcessUpdateMO:129 - Street to be inserted:[274311]
2019-02-12 15:51:24 INFO  ProcessUpdateMO:129 - Street to be inserted:[274312]
2019-02-12 15:51:24 INFO  ProcessUpdateMO:129 - Street to be inserted:[274313]
2019-02-12 15:51:24 INFO  ProcessUpdateMO:129 - Street to be inserted:[274314]
2019-02-12 15:51:24 INFO  ProcessUpdateMO:129 - Street to be inserted:[274315]
2019-02-12 15:51:24 INFO  ProcessUpdateMO:129 - Street to be inserted:[274316]
2019-02-12 15:51:24 INFO  ProcessUpdateMO:129 - Street to be inserted:[274317]
2019-02-12 15:51:24 INFO  ProcessUpdateMO:129 - Street to be inserted:[274318]
2019-02-12 15:51:24 INFO  ProcessUpdateMO:129 - Street to be inserted:[274319]
2019-02-12 15:51:24 INFO  ProcessUpdateMO:129 - Street to be inserted:[274320]
2019-02-12 15:51:24 INFO  ProcessUpdateMO:129 - Street to be inserted:[274321]
2019-02-12 15:51:24 INFO  ProcessUpdateMO:129 - Street to be inserted:[274322]
2019-02-12 15:51:24 INFO  ProcessUpdateMO:129 - Street to be inserted:[274323]
2019-02-12 15:51:24 INFO  ProcessUpdateMO:129 - Street to be inserted:[274324]
2019-02-12 15:51:24 INFO  ProcessUpdateMO:129 - Street to be inserted:[274325]
2019-02-12 15:51:24 INFO  ProcessUpdateMO:129 - Street to be inserted:[274326]
2019-02-12 15:51:24 INFO  ProcessUpdateMO:129 - Street to be inserted:[274327]
2019-02-12 15:51:24 INFO  ProcessUpdateMO:129 - Street to be inserted:[274328]
2019-02-12 15:51:24 INFO  ProcessUpdateMO:129 - Street to be inserted:[274329]
2019-02-12 15:51:24 INFO  ProcessUpdateMO:129 - Street to be inserted:[274330]
2019-02-12 15:51:24 INFO  ProcessUpdateMO:129 - Street to be inserted:[274331]
2019-02-12 15:51:24 INFO  ProcessUpdateMO:129 - Street to be inserted:[274332]
2019-02-12 15:51:24 INFO  ProcessUpdateMO:129 - Street to be inserted:[274333]
2019-02-12 15:51:24 INFO  ProcessUpdateMO:129 - Street to be inserted:[274334]
2019-02-12 15:51:24 INFO  ProcessUpdateMO:129 - Street to be inserted:[274335]
2019-02-12 15:51:24 INFO  ProcessUpdateMO:129 - Street to be inserted:[274336]
2019-02-12 15:51:24 INFO  ProcessUpdateMO:129 - Street to be inserted:[274337]
2019-02-12 15:51:24 INFO  ProcessUpdateMO:129 - Street to be inserted:[274338]
2019-02-12 15:51:24 INFO  ProcessUpdateMO:129 - Street to be inserted:[274339]
2019-02-12 15:51:24 DEBUG JdbcInfo:229 - SQLQuery executed:[SELECT * FROM mut_plaats WHERE type='update'] Column count:[6] Auto commit mode:[false] Transaction isolation:[1]
2019-02-12 15:51:24 DEBUG JdbcInfo:229 - SQLQuery executed:[SELECT * FROM mut_plaats WHERE type='insert'] Column count:[6] Auto commit mode:[false] Transaction isolation:[1]
2019-02-12 15:51:24 DEBUG JdbcInfo:229 - SQLQuery executed:[SELECT * FROM mut_plaats WHERE type='delete'] Column count:[6] Auto commit mode:[false] Transaction isolation:[1]
2019-02-12 15:51:24 DEBUG JdbcInfo:229 - SQLQuery executed:[SELECT * FROM mut_pcreeks WHERE type='update'] Column count:[11] Auto commit mode:[false] Transaction isolation:[1]
2019-02-12 15:51:24 DEBUG JdbcInfo:229 - SQLQuery executed:[SELECT * FROM mut_pcreeks WHERE type='delete'] Column count:[11] Auto commit mode:[false] Transaction isolation:[1]
2019-02-12 15:51:24 DEBUG JdbcInfo:229 - SQLQuery executed:[SELECT * FROM mut_pcreeks WHERE type='insert'] Column count:[11] Auto commit mode:[false] Transaction isolation:[1]
2019-02-12 15:51:24 DEBUG JdbcInfo:229 - SQLQuery executed:[SELECT * FROM mut_gemeente WHERE type='update'] Column count:[7] Auto commit mode:[false] Transaction isolation:[1]
2019-02-12 15:51:24 DEBUG JdbcInfo:229 - SQLQuery executed:[SELECT * FROM mut_gemeente WHERE type='insert'] Column count:[7] Auto commit mode:[false] Transaction isolation:[1]
2019-02-12 15:51:24 DEBUG JdbcInfo:229 - SQLQuery executed:[SELECT * FROM mut_gemeente WHERE type='delete'] Column count:[7] Auto commit mode:[false] Transaction isolation:[1]
2019-02-12 15:51:24 DEBUG JdbcInfo:197 - Connection succesfull closed
2019-02-12 15:59:06 INFO  ProcessUpdateMO:356 - ProcessUpdateMO Ease2pay POSTALCODE 1.0.0
2019-02-12 15:59:06 INFO  ProcessUpdateMO:357 - Copyright 2018-2019 (c) Ease2pay B.V.
2019-02-12 15:59:06 DEBUG Datasource:94 - Dsn name:[postalcode] 
2019-02-12 15:59:06 DEBUG Datasource:95 - [postalcode] database driver [com.mysql.jdbc.Driver]:
2019-02-12 15:59:06 DEBUG Datasource:96 - [postalcode] database url [jdbc:mysql://localhost:3306/postalcode?useSSL=false]:
2019-02-12 15:59:06 DEBUG Datasource:97 - [postalcode] database user [postalcode]:
2019-02-12 15:59:06 DEBUG Datasource:98 - [postalcode] database password: [postalcode]
2019-02-12 15:59:06 DEBUG Datasource:99 - [postalcode] database name: [postalcode]
2019-02-12 15:59:06 DEBUG Datasource:94 - Dsn name:[myorder] 
2019-02-12 15:59:06 DEBUG Datasource:95 - [myorder] database driver []:
2019-02-12 15:59:06 DEBUG Datasource:96 - [myorder] database url []:
2019-02-12 15:59:06 DEBUG Datasource:97 - [myorder] database user []:
2019-02-12 15:59:06 DEBUG Datasource:98 - [myorder] database password: []
2019-02-12 15:59:06 DEBUG Datasource:99 - [myorder] database name: []
2019-02-12 15:59:06 DEBUG JdbcInfo:150 - Jdbc driver:[com.mysql.jdbc.Driver]
2019-02-12 15:59:06 DEBUG JdbcInfo:151 - Jdbc connection url:[jdbc:mysql://localhost:3306/postalcode?useSSL=false]
2019-02-12 15:59:06 DEBUG JdbcInfo:174 - Connection to database succesfull established to database name:[MySQL] version:[5.6.41]
2019-02-12 15:59:06 DEBUG JdbcInfo:229 - SQLQuery executed:[SELECT * FROM mut_straat WHERE type='update'] Column count:[5] Auto commit mode:[false] Transaction isolation:[1]
2019-02-12 15:59:06 INFO  ProcessUpdateMO:167 - Street to be updated:[120179]
2019-02-12 15:59:06 INFO  ProcessUpdateMO:167 - Street to be updated:[269669]
2019-02-12 15:59:06 INFO  ProcessUpdateMO:167 - Street to be updated:[270052]
2019-02-12 15:59:06 INFO  ProcessUpdateMO:167 - Street to be updated:[271071]
2019-02-12 15:59:06 INFO  ProcessUpdateMO:167 - Street to be updated:[273733]
2019-02-12 15:59:06 DEBUG JdbcInfo:229 - SQLQuery executed:[SELECT * FROM mut_straat WHERE type='delete'] Column count:[5] Auto commit mode:[false] Transaction isolation:[1]
2019-02-12 15:59:06 INFO  ProcessUpdateMO:153 - Street to be deleted:[258]
2019-02-12 15:59:06 INFO  ProcessUpdateMO:153 - Street to be deleted:[2285]
2019-02-12 15:59:06 INFO  ProcessUpdateMO:153 - Street to be deleted:[55996]
2019-02-12 15:59:06 INFO  ProcessUpdateMO:153 - Street to be deleted:[56014]
2019-02-12 15:59:06 INFO  ProcessUpdateMO:153 - Street to be deleted:[95457]
2019-02-12 15:59:06 INFO  ProcessUpdateMO:153 - Street to be deleted:[101934]
2019-02-12 15:59:06 INFO  ProcessUpdateMO:153 - Street to be deleted:[106009]
2019-02-12 15:59:06 INFO  ProcessUpdateMO:153 - Street to be deleted:[127143]
2019-02-12 15:59:06 INFO  ProcessUpdateMO:153 - Street to be deleted:[127144]
2019-02-12 15:59:06 INFO  ProcessUpdateMO:153 - Street to be deleted:[151870]
2019-02-12 15:59:06 INFO  ProcessUpdateMO:153 - Street to be deleted:[171327]
2019-02-12 15:59:06 INFO  ProcessUpdateMO:153 - Street to be deleted:[211306]
2019-02-12 15:59:06 INFO  ProcessUpdateMO:153 - Street to be deleted:[227898]
2019-02-12 15:59:06 INFO  ProcessUpdateMO:153 - Street to be deleted:[229147]
2019-02-12 15:59:06 INFO  ProcessUpdateMO:153 - Street to be deleted:[236989]
2019-02-12 15:59:06 INFO  ProcessUpdateMO:153 - Street to be deleted:[254622]
2019-02-12 15:59:06 INFO  ProcessUpdateMO:153 - Street to be deleted:[270138]
2019-02-12 15:59:06 INFO  ProcessUpdateMO:153 - Street to be deleted:[273521]
2019-02-12 15:59:06 DEBUG JdbcInfo:229 - SQLQuery executed:[SELECT * FROM mut_straat WHERE type='insert'] Column count:[5] Auto commit mode:[false] Transaction isolation:[1]
2019-02-12 15:59:06 INFO  ProcessUpdateMO:137 - Street to be inserted:[274173]
2019-02-12 15:59:06 INFO  ProcessUpdateMO:137 - Street to be inserted:[274174]
2019-02-12 15:59:06 INFO  ProcessUpdateMO:137 - Street to be inserted:[274175]
2019-02-12 15:59:06 INFO  ProcessUpdateMO:137 - Street to be inserted:[274176]
2019-02-12 15:59:06 INFO  ProcessUpdateMO:137 - Street to be inserted:[274177]
2019-02-12 15:59:06 INFO  ProcessUpdateMO:137 - Street to be inserted:[274178]
2019-02-12 15:59:06 INFO  ProcessUpdateMO:137 - Street to be inserted:[274179]
2019-02-12 15:59:06 INFO  ProcessUpdateMO:137 - Street to be inserted:[274180]
2019-02-12 15:59:06 INFO  ProcessUpdateMO:137 - Street to be inserted:[274181]
2019-02-12 15:59:06 INFO  ProcessUpdateMO:137 - Street to be inserted:[274182]
2019-02-12 15:59:06 INFO  ProcessUpdateMO:137 - Street to be inserted:[274183]
2019-02-12 15:59:06 INFO  ProcessUpdateMO:137 - Street to be inserted:[274184]
2019-02-12 15:59:06 INFO  ProcessUpdateMO:137 - Street to be inserted:[274185]
2019-02-12 15:59:06 INFO  ProcessUpdateMO:137 - Street to be inserted:[274186]
2019-02-12 15:59:06 INFO  ProcessUpdateMO:137 - Street to be inserted:[274187]
2019-02-12 15:59:06 INFO  ProcessUpdateMO:137 - Street to be inserted:[274188]
2019-02-12 15:59:06 INFO  ProcessUpdateMO:137 - Street to be inserted:[274189]
2019-02-12 15:59:06 INFO  ProcessUpdateMO:137 - Street to be inserted:[274190]
2019-02-12 15:59:06 INFO  ProcessUpdateMO:137 - Street to be inserted:[274191]
2019-02-12 15:59:06 INFO  ProcessUpdateMO:137 - Street to be inserted:[274192]
2019-02-12 15:59:06 INFO  ProcessUpdateMO:137 - Street to be inserted:[274193]
2019-02-12 15:59:06 INFO  ProcessUpdateMO:137 - Street to be inserted:[274196]
2019-02-12 15:59:06 INFO  ProcessUpdateMO:137 - Street to be inserted:[274197]
2019-02-12 15:59:06 INFO  ProcessUpdateMO:137 - Street to be inserted:[274198]
2019-02-12 15:59:06 INFO  ProcessUpdateMO:137 - Street to be inserted:[274199]
2019-02-12 15:59:06 INFO  ProcessUpdateMO:137 - Street to be inserted:[274200]
2019-02-12 15:59:06 INFO  ProcessUpdateMO:137 - Street to be inserted:[274201]
2019-02-12 15:59:06 INFO  ProcessUpdateMO:137 - Street to be inserted:[274202]
2019-02-12 15:59:06 INFO  ProcessUpdateMO:137 - Street to be inserted:[274203]
2019-02-12 15:59:06 INFO  ProcessUpdateMO:137 - Street to be inserted:[274204]
2019-02-12 15:59:06 INFO  ProcessUpdateMO:137 - Street to be inserted:[274205]
2019-02-12 15:59:06 INFO  ProcessUpdateMO:137 - Street to be inserted:[274206]
2019-02-12 15:59:06 INFO  ProcessUpdateMO:137 - Street to be inserted:[274207]
2019-02-12 15:59:06 INFO  ProcessUpdateMO:137 - Street to be inserted:[274208]
2019-02-12 15:59:06 INFO  ProcessUpdateMO:137 - Street to be inserted:[274209]
2019-02-12 15:59:06 INFO  ProcessUpdateMO:137 - Street to be inserted:[274210]
2019-02-12 15:59:06 INFO  ProcessUpdateMO:137 - Street to be inserted:[274211]
2019-02-12 15:59:06 INFO  ProcessUpdateMO:137 - Street to be inserted:[274212]
2019-02-12 15:59:06 INFO  ProcessUpdateMO:137 - Street to be inserted:[274213]
2019-02-12 15:59:06 INFO  ProcessUpdateMO:137 - Street to be inserted:[274214]
2019-02-12 15:59:06 INFO  ProcessUpdateMO:137 - Street to be inserted:[274215]
2019-02-12 15:59:06 INFO  ProcessUpdateMO:137 - Street to be inserted:[274216]
2019-02-12 15:59:06 INFO  ProcessUpdateMO:137 - Street to be inserted:[274217]
2019-02-12 15:59:06 INFO  ProcessUpdateMO:137 - Street to be inserted:[274218]
2019-02-12 15:59:06 INFO  ProcessUpdateMO:137 - Street to be inserted:[274219]
2019-02-12 15:59:06 INFO  ProcessUpdateMO:137 - Street to be inserted:[274220]
2019-02-12 15:59:06 INFO  ProcessUpdateMO:137 - Street to be inserted:[274221]
2019-02-12 15:59:06 INFO  ProcessUpdateMO:137 - Street to be inserted:[274222]
2019-02-12 15:59:06 INFO  ProcessUpdateMO:137 - Street to be inserted:[274223]
2019-02-12 15:59:06 INFO  ProcessUpdateMO:137 - Street to be inserted:[274225]
2019-02-12 15:59:06 INFO  ProcessUpdateMO:137 - Street to be inserted:[274226]
2019-02-12 15:59:06 INFO  ProcessUpdateMO:137 - Street to be inserted:[274227]
2019-02-12 15:59:06 INFO  ProcessUpdateMO:137 - Street to be inserted:[274228]
2019-02-12 15:59:06 INFO  ProcessUpdateMO:137 - Street to be inserted:[274229]
2019-02-12 15:59:06 INFO  ProcessUpdateMO:137 - Street to be inserted:[274230]
2019-02-12 15:59:06 INFO  ProcessUpdateMO:137 - Street to be inserted:[274231]
2019-02-12 15:59:06 INFO  ProcessUpdateMO:137 - Street to be inserted:[274232]
2019-02-12 15:59:06 INFO  ProcessUpdateMO:137 - Street to be inserted:[274233]
2019-02-12 15:59:06 INFO  ProcessUpdateMO:137 - Street to be inserted:[274234]
2019-02-12 15:59:06 INFO  ProcessUpdateMO:137 - Street to be inserted:[274235]
2019-02-12 15:59:06 INFO  ProcessUpdateMO:137 - Street to be inserted:[274236]
2019-02-12 15:59:06 INFO  ProcessUpdateMO:137 - Street to be inserted:[274237]
2019-02-12 15:59:06 INFO  ProcessUpdateMO:137 - Street to be inserted:[274238]
2019-02-12 15:59:06 INFO  ProcessUpdateMO:137 - Street to be inserted:[274239]
2019-02-12 15:59:06 INFO  ProcessUpdateMO:137 - Street to be inserted:[274240]
2019-02-12 15:59:06 INFO  ProcessUpdateMO:137 - Street to be inserted:[274241]
2019-02-12 15:59:06 INFO  ProcessUpdateMO:137 - Street to be inserted:[274242]
2019-02-12 15:59:06 INFO  ProcessUpdateMO:137 - Street to be inserted:[274243]
2019-02-12 15:59:06 INFO  ProcessUpdateMO:137 - Street to be inserted:[274244]
2019-02-12 15:59:06 INFO  ProcessUpdateMO:137 - Street to be inserted:[274245]
2019-02-12 15:59:06 INFO  ProcessUpdateMO:137 - Street to be inserted:[274246]
2019-02-12 15:59:06 INFO  ProcessUpdateMO:137 - Street to be inserted:[274247]
2019-02-12 15:59:06 INFO  ProcessUpdateMO:137 - Street to be inserted:[274248]
2019-02-12 15:59:06 INFO  ProcessUpdateMO:137 - Street to be inserted:[274249]
2019-02-12 15:59:06 INFO  ProcessUpdateMO:137 - Street to be inserted:[274250]
2019-02-12 15:59:06 INFO  ProcessUpdateMO:137 - Street to be inserted:[274251]
2019-02-12 15:59:06 INFO  ProcessUpdateMO:137 - Street to be inserted:[274252]
2019-02-12 15:59:06 INFO  ProcessUpdateMO:137 - Street to be inserted:[274253]
2019-02-12 15:59:06 INFO  ProcessUpdateMO:137 - Street to be inserted:[274254]
2019-02-12 15:59:06 INFO  ProcessUpdateMO:137 - Street to be inserted:[274255]
2019-02-12 15:59:06 INFO  ProcessUpdateMO:137 - Street to be inserted:[274256]
2019-02-12 15:59:06 INFO  ProcessUpdateMO:137 - Street to be inserted:[274257]
2019-02-12 15:59:06 INFO  ProcessUpdateMO:137 - Street to be inserted:[274258]
2019-02-12 15:59:06 INFO  ProcessUpdateMO:137 - Street to be inserted:[274259]
2019-02-12 15:59:06 INFO  ProcessUpdateMO:137 - Street to be inserted:[274260]
2019-02-12 15:59:06 INFO  ProcessUpdateMO:137 - Street to be inserted:[274261]
2019-02-12 15:59:06 INFO  ProcessUpdateMO:137 - Street to be inserted:[274262]
2019-02-12 15:59:06 INFO  ProcessUpdateMO:137 - Street to be inserted:[274263]
2019-02-12 15:59:06 INFO  ProcessUpdateMO:137 - Street to be inserted:[274264]
2019-02-12 15:59:06 INFO  ProcessUpdateMO:137 - Street to be inserted:[274265]
2019-02-12 15:59:06 INFO  ProcessUpdateMO:137 - Street to be inserted:[274266]
2019-02-12 15:59:06 INFO  ProcessUpdateMO:137 - Street to be inserted:[274267]
2019-02-12 15:59:06 INFO  ProcessUpdateMO:137 - Street to be inserted:[274268]
2019-02-12 15:59:06 INFO  ProcessUpdateMO:137 - Street to be inserted:[274269]
2019-02-12 15:59:06 INFO  ProcessUpdateMO:137 - Street to be inserted:[274270]
2019-02-12 15:59:06 INFO  ProcessUpdateMO:137 - Street to be inserted:[274271]
2019-02-12 15:59:06 INFO  ProcessUpdateMO:137 - Street to be inserted:[274272]
2019-02-12 15:59:06 INFO  ProcessUpdateMO:137 - Street to be inserted:[274273]
2019-02-12 15:59:06 INFO  ProcessUpdateMO:137 - Street to be inserted:[274274]
2019-02-12 15:59:06 INFO  ProcessUpdateMO:137 - Street to be inserted:[274275]
2019-02-12 15:59:06 INFO  ProcessUpdateMO:137 - Street to be inserted:[274276]
2019-02-12 15:59:06 INFO  ProcessUpdateMO:137 - Street to be inserted:[274277]
2019-02-12 15:59:06 INFO  ProcessUpdateMO:137 - Street to be inserted:[274278]
2019-02-12 15:59:06 INFO  ProcessUpdateMO:137 - Street to be inserted:[274279]
2019-02-12 15:59:06 INFO  ProcessUpdateMO:137 - Street to be inserted:[274280]
2019-02-12 15:59:06 INFO  ProcessUpdateMO:137 - Street to be inserted:[274281]
2019-02-12 15:59:06 INFO  ProcessUpdateMO:137 - Street to be inserted:[274282]
2019-02-12 15:59:06 INFO  ProcessUpdateMO:137 - Street to be inserted:[274283]
2019-02-12 15:59:06 INFO  ProcessUpdateMO:137 - Street to be inserted:[274284]
2019-02-12 15:59:06 INFO  ProcessUpdateMO:137 - Street to be inserted:[274285]
2019-02-12 15:59:06 INFO  ProcessUpdateMO:137 - Street to be inserted:[274286]
2019-02-12 15:59:06 INFO  ProcessUpdateMO:137 - Street to be inserted:[274287]
2019-02-12 15:59:06 INFO  ProcessUpdateMO:137 - Street to be inserted:[274288]
2019-02-12 15:59:06 INFO  ProcessUpdateMO:137 - Street to be inserted:[274289]
2019-02-12 15:59:06 INFO  ProcessUpdateMO:137 - Street to be inserted:[274290]
2019-02-12 15:59:06 INFO  ProcessUpdateMO:137 - Street to be inserted:[274291]
2019-02-12 15:59:06 INFO  ProcessUpdateMO:137 - Street to be inserted:[274292]
2019-02-12 15:59:06 INFO  ProcessUpdateMO:137 - Street to be inserted:[274293]
2019-02-12 15:59:06 INFO  ProcessUpdateMO:137 - Street to be inserted:[274294]
2019-02-12 15:59:06 INFO  ProcessUpdateMO:137 - Street to be inserted:[274295]
2019-02-12 15:59:06 INFO  ProcessUpdateMO:137 - Street to be inserted:[274296]
2019-02-12 15:59:06 INFO  ProcessUpdateMO:137 - Street to be inserted:[274297]
2019-02-12 15:59:06 INFO  ProcessUpdateMO:137 - Street to be inserted:[274298]
2019-02-12 15:59:06 INFO  ProcessUpdateMO:137 - Street to be inserted:[274299]
2019-02-12 15:59:06 INFO  ProcessUpdateMO:137 - Street to be inserted:[274300]
2019-02-12 15:59:06 INFO  ProcessUpdateMO:137 - Street to be inserted:[274306]
2019-02-12 15:59:06 INFO  ProcessUpdateMO:137 - Street to be inserted:[274309]
2019-02-12 15:59:06 INFO  ProcessUpdateMO:137 - Street to be inserted:[274310]
2019-02-12 15:59:06 INFO  ProcessUpdateMO:137 - Street to be inserted:[274311]
2019-02-12 15:59:06 INFO  ProcessUpdateMO:137 - Street to be inserted:[274312]
2019-02-12 15:59:06 INFO  ProcessUpdateMO:137 - Street to be inserted:[274313]
2019-02-12 15:59:06 INFO  ProcessUpdateMO:137 - Street to be inserted:[274314]
2019-02-12 15:59:06 INFO  ProcessUpdateMO:137 - Street to be inserted:[274315]
2019-02-12 15:59:06 INFO  ProcessUpdateMO:137 - Street to be inserted:[274316]
2019-02-12 15:59:06 INFO  ProcessUpdateMO:137 - Street to be inserted:[274317]
2019-02-12 15:59:06 INFO  ProcessUpdateMO:137 - Street to be inserted:[274318]
2019-02-12 15:59:06 INFO  ProcessUpdateMO:137 - Street to be inserted:[274319]
2019-02-12 15:59:06 INFO  ProcessUpdateMO:137 - Street to be inserted:[274320]
2019-02-12 15:59:06 INFO  ProcessUpdateMO:137 - Street to be inserted:[274321]
2019-02-12 15:59:06 INFO  ProcessUpdateMO:137 - Street to be inserted:[274322]
2019-02-12 15:59:06 INFO  ProcessUpdateMO:137 - Street to be inserted:[274323]
2019-02-12 15:59:06 INFO  ProcessUpdateMO:137 - Street to be inserted:[274324]
2019-02-12 15:59:06 INFO  ProcessUpdateMO:137 - Street to be inserted:[274325]
2019-02-12 15:59:06 INFO  ProcessUpdateMO:137 - Street to be inserted:[274326]
2019-02-12 15:59:06 INFO  ProcessUpdateMO:137 - Street to be inserted:[274327]
2019-02-12 15:59:06 INFO  ProcessUpdateMO:137 - Street to be inserted:[274328]
2019-02-12 15:59:06 INFO  ProcessUpdateMO:137 - Street to be inserted:[274329]
2019-02-12 15:59:06 INFO  ProcessUpdateMO:137 - Street to be inserted:[274330]
2019-02-12 15:59:06 INFO  ProcessUpdateMO:137 - Street to be inserted:[274331]
2019-02-12 15:59:06 INFO  ProcessUpdateMO:137 - Street to be inserted:[274332]
2019-02-12 15:59:06 INFO  ProcessUpdateMO:137 - Street to be inserted:[274333]
2019-02-12 15:59:06 INFO  ProcessUpdateMO:137 - Street to be inserted:[274334]
2019-02-12 15:59:06 INFO  ProcessUpdateMO:137 - Street to be inserted:[274335]
2019-02-12 15:59:06 INFO  ProcessUpdateMO:137 - Street to be inserted:[274336]
2019-02-12 15:59:06 INFO  ProcessUpdateMO:137 - Street to be inserted:[274337]
2019-02-12 15:59:06 INFO  ProcessUpdateMO:137 - Street to be inserted:[274338]
2019-02-12 15:59:06 INFO  ProcessUpdateMO:137 - Street to be inserted:[274339]
2019-02-12 15:59:06 DEBUG JdbcInfo:229 - SQLQuery executed:[SELECT * FROM mut_plaats WHERE type='update'] Column count:[6] Auto commit mode:[false] Transaction isolation:[1]
2019-02-12 15:59:06 DEBUG JdbcInfo:229 - SQLQuery executed:[SELECT * FROM mut_plaats WHERE type='insert'] Column count:[6] Auto commit mode:[false] Transaction isolation:[1]
2019-02-12 15:59:06 DEBUG JdbcInfo:229 - SQLQuery executed:[SELECT * FROM mut_plaats WHERE type='delete'] Column count:[6] Auto commit mode:[false] Transaction isolation:[1]
2019-02-12 15:59:06 DEBUG JdbcInfo:229 - SQLQuery executed:[SELECT * FROM mut_pcreeks WHERE type='update'] Column count:[11] Auto commit mode:[false] Transaction isolation:[1]
2019-02-12 15:59:06 DEBUG JdbcInfo:229 - SQLQuery executed:[SELECT * FROM mut_pcreeks WHERE type='delete'] Column count:[11] Auto commit mode:[false] Transaction isolation:[1]
2019-02-12 15:59:06 DEBUG JdbcInfo:229 - SQLQuery executed:[SELECT * FROM mut_pcreeks WHERE type='insert'] Column count:[11] Auto commit mode:[false] Transaction isolation:[1]
2019-02-12 15:59:06 DEBUG JdbcInfo:229 - SQLQuery executed:[SELECT * FROM mut_gemeente WHERE type='update'] Column count:[7] Auto commit mode:[false] Transaction isolation:[1]
2019-02-12 15:59:06 DEBUG JdbcInfo:229 - SQLQuery executed:[SELECT * FROM mut_gemeente WHERE type='insert'] Column count:[7] Auto commit mode:[false] Transaction isolation:[1]
2019-02-12 15:59:06 DEBUG JdbcInfo:229 - SQLQuery executed:[SELECT * FROM mut_gemeente WHERE type='delete'] Column count:[7] Auto commit mode:[false] Transaction isolation:[1]
2019-02-12 15:59:06 DEBUG JdbcInfo:197 - Connection succesfull closed
2019-02-12 16:00:16 INFO  ProcessUpdateMO:356 - ProcessUpdateMO Ease2pay POSTALCODE 1.0.0
2019-02-12 16:00:16 INFO  ProcessUpdateMO:357 - Copyright 2018-2019 (c) Ease2pay B.V.
2019-02-12 16:00:16 DEBUG Datasource:94 - Dsn name:[postalcode] 
2019-02-12 16:00:16 DEBUG Datasource:95 - [postalcode] database driver [com.mysql.jdbc.Driver]:
2019-02-12 16:00:16 DEBUG Datasource:96 - [postalcode] database url [jdbc:mysql://localhost:3306/postalcode?useSSL=false]:
2019-02-12 16:00:16 DEBUG Datasource:97 - [postalcode] database user [postalcode]:
2019-02-12 16:00:16 DEBUG Datasource:98 - [postalcode] database password: [postalcode]
2019-02-12 16:00:16 DEBUG Datasource:99 - [postalcode] database name: [postalcode]
2019-02-12 16:00:16 DEBUG Datasource:94 - Dsn name:[myorder] 
2019-02-12 16:00:16 DEBUG Datasource:95 - [myorder] database driver [com.mysql.jdbc.Driver]:
2019-02-12 16:00:16 DEBUG Datasource:96 - [myorder] database url [jdbc:mysql://localhost:3306/myorder?useSSL=false]:
2019-02-12 16:00:16 DEBUG Datasource:97 - [myorder] database user [myorder]:
2019-02-12 16:00:16 DEBUG Datasource:98 - [myorder] database password: [myorder]
2019-02-12 16:00:16 DEBUG Datasource:99 - [myorder] database name: [myorder]
2019-02-12 16:00:16 DEBUG JdbcInfo:150 - Jdbc driver:[com.mysql.jdbc.Driver]
2019-02-12 16:00:16 DEBUG JdbcInfo:151 - Jdbc connection url:[jdbc:mysql://localhost:3306/postalcode?useSSL=false]
2019-02-12 16:00:16 DEBUG JdbcInfo:174 - Connection to database succesfull established to database name:[MySQL] version:[5.6.41]
2019-02-12 16:00:16 DEBUG JdbcInfo:229 - SQLQuery executed:[SELECT * FROM mut_straat WHERE type='update'] Column count:[5] Auto commit mode:[false] Transaction isolation:[1]
2019-02-12 16:00:16 INFO  ProcessUpdateMO:167 - Street to be updated:[120179]
2019-02-12 16:00:16 INFO  ProcessUpdateMO:167 - Street to be updated:[269669]
2019-02-12 16:00:16 INFO  ProcessUpdateMO:167 - Street to be updated:[270052]
2019-02-12 16:00:16 INFO  ProcessUpdateMO:167 - Street to be updated:[271071]
2019-02-12 16:00:16 INFO  ProcessUpdateMO:167 - Street to be updated:[273733]
2019-02-12 16:00:16 DEBUG JdbcInfo:229 - SQLQuery executed:[SELECT * FROM mut_straat WHERE type='delete'] Column count:[5] Auto commit mode:[false] Transaction isolation:[1]
2019-02-12 16:00:16 INFO  ProcessUpdateMO:153 - Street to be deleted:[258]
2019-02-12 16:00:16 INFO  ProcessUpdateMO:153 - Street to be deleted:[2285]
2019-02-12 16:00:16 INFO  ProcessUpdateMO:153 - Street to be deleted:[55996]
2019-02-12 16:00:16 INFO  ProcessUpdateMO:153 - Street to be deleted:[56014]
2019-02-12 16:00:16 INFO  ProcessUpdateMO:153 - Street to be deleted:[95457]
2019-02-12 16:00:16 INFO  ProcessUpdateMO:153 - Street to be deleted:[101934]
2019-02-12 16:00:16 INFO  ProcessUpdateMO:153 - Street to be deleted:[106009]
2019-02-12 16:00:16 INFO  ProcessUpdateMO:153 - Street to be deleted:[127143]
2019-02-12 16:00:16 INFO  ProcessUpdateMO:153 - Street to be deleted:[127144]
2019-02-12 16:00:16 INFO  ProcessUpdateMO:153 - Street to be deleted:[151870]
2019-02-12 16:00:16 INFO  ProcessUpdateMO:153 - Street to be deleted:[171327]
2019-02-12 16:00:16 INFO  ProcessUpdateMO:153 - Street to be deleted:[211306]
2019-02-12 16:00:16 INFO  ProcessUpdateMO:153 - Street to be deleted:[227898]
2019-02-12 16:00:16 INFO  ProcessUpdateMO:153 - Street to be deleted:[229147]
2019-02-12 16:00:16 INFO  ProcessUpdateMO:153 - Street to be deleted:[236989]
2019-02-12 16:00:16 INFO  ProcessUpdateMO:153 - Street to be deleted:[254622]
2019-02-12 16:00:16 INFO  ProcessUpdateMO:153 - Street to be deleted:[270138]
2019-02-12 16:00:16 INFO  ProcessUpdateMO:153 - Street to be deleted:[273521]
2019-02-12 16:00:16 DEBUG JdbcInfo:229 - SQLQuery executed:[SELECT * FROM mut_straat WHERE type='insert'] Column count:[5] Auto commit mode:[false] Transaction isolation:[1]
2019-02-12 16:00:16 INFO  ProcessUpdateMO:137 - Street to be inserted:[274173]
2019-02-12 16:00:16 INFO  ProcessUpdateMO:137 - Street to be inserted:[274174]
2019-02-12 16:00:16 INFO  ProcessUpdateMO:137 - Street to be inserted:[274175]
2019-02-12 16:00:16 INFO  ProcessUpdateMO:137 - Street to be inserted:[274176]
2019-02-12 16:00:16 INFO  ProcessUpdateMO:137 - Street to be inserted:[274177]
2019-02-12 16:00:16 INFO  ProcessUpdateMO:137 - Street to be inserted:[274178]
2019-02-12 16:00:16 INFO  ProcessUpdateMO:137 - Street to be inserted:[274179]
2019-02-12 16:00:16 INFO  ProcessUpdateMO:137 - Street to be inserted:[274180]
2019-02-12 16:00:16 INFO  ProcessUpdateMO:137 - Street to be inserted:[274181]
2019-02-12 16:00:16 INFO  ProcessUpdateMO:137 - Street to be inserted:[274182]
2019-02-12 16:00:16 INFO  ProcessUpdateMO:137 - Street to be inserted:[274183]
2019-02-12 16:00:16 INFO  ProcessUpdateMO:137 - Street to be inserted:[274184]
2019-02-12 16:00:16 INFO  ProcessUpdateMO:137 - Street to be inserted:[274185]
2019-02-12 16:00:16 INFO  ProcessUpdateMO:137 - Street to be inserted:[274186]
2019-02-12 16:00:16 INFO  ProcessUpdateMO:137 - Street to be inserted:[274187]
2019-02-12 16:00:16 INFO  ProcessUpdateMO:137 - Street to be inserted:[274188]
2019-02-12 16:00:16 INFO  ProcessUpdateMO:137 - Street to be inserted:[274189]
2019-02-12 16:00:16 INFO  ProcessUpdateMO:137 - Street to be inserted:[274190]
2019-02-12 16:00:16 INFO  ProcessUpdateMO:137 - Street to be inserted:[274191]
2019-02-12 16:00:16 INFO  ProcessUpdateMO:137 - Street to be inserted:[274192]
2019-02-12 16:00:16 INFO  ProcessUpdateMO:137 - Street to be inserted:[274193]
2019-02-12 16:00:16 INFO  ProcessUpdateMO:137 - Street to be inserted:[274196]
2019-02-12 16:00:16 INFO  ProcessUpdateMO:137 - Street to be inserted:[274197]
2019-02-12 16:00:16 INFO  ProcessUpdateMO:137 - Street to be inserted:[274198]
2019-02-12 16:00:16 INFO  ProcessUpdateMO:137 - Street to be inserted:[274199]
2019-02-12 16:00:16 INFO  ProcessUpdateMO:137 - Street to be inserted:[274200]
2019-02-12 16:00:16 INFO  ProcessUpdateMO:137 - Street to be inserted:[274201]
2019-02-12 16:00:16 INFO  ProcessUpdateMO:137 - Street to be inserted:[274202]
2019-02-12 16:00:16 INFO  ProcessUpdateMO:137 - Street to be inserted:[274203]
2019-02-12 16:00:16 INFO  ProcessUpdateMO:137 - Street to be inserted:[274204]
2019-02-12 16:00:16 INFO  ProcessUpdateMO:137 - Street to be inserted:[274205]
2019-02-12 16:00:16 INFO  ProcessUpdateMO:137 - Street to be inserted:[274206]
2019-02-12 16:00:16 INFO  ProcessUpdateMO:137 - Street to be inserted:[274207]
2019-02-12 16:00:16 INFO  ProcessUpdateMO:137 - Street to be inserted:[274208]
2019-02-12 16:00:16 INFO  ProcessUpdateMO:137 - Street to be inserted:[274209]
2019-02-12 16:00:16 INFO  ProcessUpdateMO:137 - Street to be inserted:[274210]
2019-02-12 16:00:16 INFO  ProcessUpdateMO:137 - Street to be inserted:[274211]
2019-02-12 16:00:16 INFO  ProcessUpdateMO:137 - Street to be inserted:[274212]
2019-02-12 16:00:16 INFO  ProcessUpdateMO:137 - Street to be inserted:[274213]
2019-02-12 16:00:16 INFO  ProcessUpdateMO:137 - Street to be inserted:[274214]
2019-02-12 16:00:16 INFO  ProcessUpdateMO:137 - Street to be inserted:[274215]
2019-02-12 16:00:16 INFO  ProcessUpdateMO:137 - Street to be inserted:[274216]
2019-02-12 16:00:16 INFO  ProcessUpdateMO:137 - Street to be inserted:[274217]
2019-02-12 16:00:16 INFO  ProcessUpdateMO:137 - Street to be inserted:[274218]
2019-02-12 16:00:16 INFO  ProcessUpdateMO:137 - Street to be inserted:[274219]
2019-02-12 16:00:16 INFO  ProcessUpdateMO:137 - Street to be inserted:[274220]
2019-02-12 16:00:16 INFO  ProcessUpdateMO:137 - Street to be inserted:[274221]
2019-02-12 16:00:16 INFO  ProcessUpdateMO:137 - Street to be inserted:[274222]
2019-02-12 16:00:16 INFO  ProcessUpdateMO:137 - Street to be inserted:[274223]
2019-02-12 16:00:16 INFO  ProcessUpdateMO:137 - Street to be inserted:[274225]
2019-02-12 16:00:16 INFO  ProcessUpdateMO:137 - Street to be inserted:[274226]
2019-02-12 16:00:16 INFO  ProcessUpdateMO:137 - Street to be inserted:[274227]
2019-02-12 16:00:16 INFO  ProcessUpdateMO:137 - Street to be inserted:[274228]
2019-02-12 16:00:16 INFO  ProcessUpdateMO:137 - Street to be inserted:[274229]
2019-02-12 16:00:16 INFO  ProcessUpdateMO:137 - Street to be inserted:[274230]
2019-02-12 16:00:16 INFO  ProcessUpdateMO:137 - Street to be inserted:[274231]
2019-02-12 16:00:16 INFO  ProcessUpdateMO:137 - Street to be inserted:[274232]
2019-02-12 16:00:16 INFO  ProcessUpdateMO:137 - Street to be inserted:[274233]
2019-02-12 16:00:16 INFO  ProcessUpdateMO:137 - Street to be inserted:[274234]
2019-02-12 16:00:16 INFO  ProcessUpdateMO:137 - Street to be inserted:[274235]
2019-02-12 16:00:16 INFO  ProcessUpdateMO:137 - Street to be inserted:[274236]
2019-02-12 16:00:16 INFO  ProcessUpdateMO:137 - Street to be inserted:[274237]
2019-02-12 16:00:16 INFO  ProcessUpdateMO:137 - Street to be inserted:[274238]
2019-02-12 16:00:16 INFO  ProcessUpdateMO:137 - Street to be inserted:[274239]
2019-02-12 16:00:16 INFO  ProcessUpdateMO:137 - Street to be inserted:[274240]
2019-02-12 16:00:16 INFO  ProcessUpdateMO:137 - Street to be inserted:[274241]
2019-02-12 16:00:16 INFO  ProcessUpdateMO:137 - Street to be inserted:[274242]
2019-02-12 16:00:16 INFO  ProcessUpdateMO:137 - Street to be inserted:[274243]
2019-02-12 16:00:16 INFO  ProcessUpdateMO:137 - Street to be inserted:[274244]
2019-02-12 16:00:16 INFO  ProcessUpdateMO:137 - Street to be inserted:[274245]
2019-02-12 16:00:16 INFO  ProcessUpdateMO:137 - Street to be inserted:[274246]
2019-02-12 16:00:16 INFO  ProcessUpdateMO:137 - Street to be inserted:[274247]
2019-02-12 16:00:16 INFO  ProcessUpdateMO:137 - Street to be inserted:[274248]
2019-02-12 16:00:16 INFO  ProcessUpdateMO:137 - Street to be inserted:[274249]
2019-02-12 16:00:16 INFO  ProcessUpdateMO:137 - Street to be inserted:[274250]
2019-02-12 16:00:16 INFO  ProcessUpdateMO:137 - Street to be inserted:[274251]
2019-02-12 16:00:16 INFO  ProcessUpdateMO:137 - Street to be inserted:[274252]
2019-02-12 16:00:16 INFO  ProcessUpdateMO:137 - Street to be inserted:[274253]
2019-02-12 16:00:16 INFO  ProcessUpdateMO:137 - Street to be inserted:[274254]
2019-02-12 16:00:16 INFO  ProcessUpdateMO:137 - Street to be inserted:[274255]
2019-02-12 16:00:16 INFO  ProcessUpdateMO:137 - Street to be inserted:[274256]
2019-02-12 16:00:16 INFO  ProcessUpdateMO:137 - Street to be inserted:[274257]
2019-02-12 16:00:16 INFO  ProcessUpdateMO:137 - Street to be inserted:[274258]
2019-02-12 16:00:16 INFO  ProcessUpdateMO:137 - Street to be inserted:[274259]
2019-02-12 16:00:16 INFO  ProcessUpdateMO:137 - Street to be inserted:[274260]
2019-02-12 16:00:16 INFO  ProcessUpdateMO:137 - Street to be inserted:[274261]
2019-02-12 16:00:16 INFO  ProcessUpdateMO:137 - Street to be inserted:[274262]
2019-02-12 16:00:16 INFO  ProcessUpdateMO:137 - Street to be inserted:[274263]
2019-02-12 16:00:16 INFO  ProcessUpdateMO:137 - Street to be inserted:[274264]
2019-02-12 16:00:16 INFO  ProcessUpdateMO:137 - Street to be inserted:[274265]
2019-02-12 16:00:16 INFO  ProcessUpdateMO:137 - Street to be inserted:[274266]
2019-02-12 16:00:16 INFO  ProcessUpdateMO:137 - Street to be inserted:[274267]
2019-02-12 16:00:16 INFO  ProcessUpdateMO:137 - Street to be inserted:[274268]
2019-02-12 16:00:16 INFO  ProcessUpdateMO:137 - Street to be inserted:[274269]
2019-02-12 16:00:16 INFO  ProcessUpdateMO:137 - Street to be inserted:[274270]
2019-02-12 16:00:16 INFO  ProcessUpdateMO:137 - Street to be inserted:[274271]
2019-02-12 16:00:16 INFO  ProcessUpdateMO:137 - Street to be inserted:[274272]
2019-02-12 16:00:16 INFO  ProcessUpdateMO:137 - Street to be inserted:[274273]
2019-02-12 16:00:16 INFO  ProcessUpdateMO:137 - Street to be inserted:[274274]
2019-02-12 16:00:16 INFO  ProcessUpdateMO:137 - Street to be inserted:[274275]
2019-02-12 16:00:16 INFO  ProcessUpdateMO:137 - Street to be inserted:[274276]
2019-02-12 16:00:16 INFO  ProcessUpdateMO:137 - Street to be inserted:[274277]
2019-02-12 16:00:16 INFO  ProcessUpdateMO:137 - Street to be inserted:[274278]
2019-02-12 16:00:16 INFO  ProcessUpdateMO:137 - Street to be inserted:[274279]
2019-02-12 16:00:16 INFO  ProcessUpdateMO:137 - Street to be inserted:[274280]
2019-02-12 16:00:16 INFO  ProcessUpdateMO:137 - Street to be inserted:[274281]
2019-02-12 16:00:16 INFO  ProcessUpdateMO:137 - Street to be inserted:[274282]
2019-02-12 16:00:16 INFO  ProcessUpdateMO:137 - Street to be inserted:[274283]
2019-02-12 16:00:16 INFO  ProcessUpdateMO:137 - Street to be inserted:[274284]
2019-02-12 16:00:16 INFO  ProcessUpdateMO:137 - Street to be inserted:[274285]
2019-02-12 16:00:16 INFO  ProcessUpdateMO:137 - Street to be inserted:[274286]
2019-02-12 16:00:16 INFO  ProcessUpdateMO:137 - Street to be inserted:[274287]
2019-02-12 16:00:16 INFO  ProcessUpdateMO:137 - Street to be inserted:[274288]
2019-02-12 16:00:16 INFO  ProcessUpdateMO:137 - Street to be inserted:[274289]
2019-02-12 16:00:16 INFO  ProcessUpdateMO:137 - Street to be inserted:[274290]
2019-02-12 16:00:16 INFO  ProcessUpdateMO:137 - Street to be inserted:[274291]
2019-02-12 16:00:16 INFO  ProcessUpdateMO:137 - Street to be inserted:[274292]
2019-02-12 16:00:16 INFO  ProcessUpdateMO:137 - Street to be inserted:[274293]
2019-02-12 16:00:16 INFO  ProcessUpdateMO:137 - Street to be inserted:[274294]
2019-02-12 16:00:16 INFO  ProcessUpdateMO:137 - Street to be inserted:[274295]
2019-02-12 16:00:16 INFO  ProcessUpdateMO:137 - Street to be inserted:[274296]
2019-02-12 16:00:16 INFO  ProcessUpdateMO:137 - Street to be inserted:[274297]
2019-02-12 16:00:16 INFO  ProcessUpdateMO:137 - Street to be inserted:[274298]
2019-02-12 16:00:16 INFO  ProcessUpdateMO:137 - Street to be inserted:[274299]
2019-02-12 16:00:16 INFO  ProcessUpdateMO:137 - Street to be inserted:[274300]
2019-02-12 16:00:16 INFO  ProcessUpdateMO:137 - Street to be inserted:[274306]
2019-02-12 16:00:16 INFO  ProcessUpdateMO:137 - Street to be inserted:[274309]
2019-02-12 16:00:16 INFO  ProcessUpdateMO:137 - Street to be inserted:[274310]
2019-02-12 16:00:16 INFO  ProcessUpdateMO:137 - Street to be inserted:[274311]
2019-02-12 16:00:16 INFO  ProcessUpdateMO:137 - Street to be inserted:[274312]
2019-02-12 16:00:16 INFO  ProcessUpdateMO:137 - Street to be inserted:[274313]
2019-02-12 16:00:16 INFO  ProcessUpdateMO:137 - Street to be inserted:[274314]
2019-02-12 16:00:16 INFO  ProcessUpdateMO:137 - Street to be inserted:[274315]
2019-02-12 16:00:16 INFO  ProcessUpdateMO:137 - Street to be inserted:[274316]
2019-02-12 16:00:16 INFO  ProcessUpdateMO:137 - Street to be inserted:[274317]
2019-02-12 16:00:16 INFO  ProcessUpdateMO:137 - Street to be inserted:[274318]
2019-02-12 16:00:16 INFO  ProcessUpdateMO:137 - Street to be inserted:[274319]
2019-02-12 16:00:16 INFO  ProcessUpdateMO:137 - Street to be inserted:[274320]
2019-02-12 16:00:16 INFO  ProcessUpdateMO:137 - Street to be inserted:[274321]
2019-02-12 16:00:16 INFO  ProcessUpdateMO:137 - Street to be inserted:[274322]
2019-02-12 16:00:16 INFO  ProcessUpdateMO:137 - Street to be inserted:[274323]
2019-02-12 16:00:16 INFO  ProcessUpdateMO:137 - Street to be inserted:[274324]
2019-02-12 16:00:16 INFO  ProcessUpdateMO:137 - Street to be inserted:[274325]
2019-02-12 16:00:16 INFO  ProcessUpdateMO:137 - Street to be inserted:[274326]
2019-02-12 16:00:16 INFO  ProcessUpdateMO:137 - Street to be inserted:[274327]
2019-02-12 16:00:16 INFO  ProcessUpdateMO:137 - Street to be inserted:[274328]
2019-02-12 16:00:16 INFO  ProcessUpdateMO:137 - Street to be inserted:[274329]
2019-02-12 16:00:16 INFO  ProcessUpdateMO:137 - Street to be inserted:[274330]
2019-02-12 16:00:16 INFO  ProcessUpdateMO:137 - Street to be inserted:[274331]
2019-02-12 16:00:16 INFO  ProcessUpdateMO:137 - Street to be inserted:[274332]
2019-02-12 16:00:16 INFO  ProcessUpdateMO:137 - Street to be inserted:[274333]
2019-02-12 16:00:16 INFO  ProcessUpdateMO:137 - Street to be inserted:[274334]
2019-02-12 16:00:16 INFO  ProcessUpdateMO:137 - Street to be inserted:[274335]
2019-02-12 16:00:16 INFO  ProcessUpdateMO:137 - Street to be inserted:[274336]
2019-02-12 16:00:16 INFO  ProcessUpdateMO:137 - Street to be inserted:[274337]
2019-02-12 16:00:16 INFO  ProcessUpdateMO:137 - Street to be inserted:[274338]
2019-02-12 16:00:16 INFO  ProcessUpdateMO:137 - Street to be inserted:[274339]
2019-02-12 16:00:16 DEBUG JdbcInfo:229 - SQLQuery executed:[SELECT * FROM mut_plaats WHERE type='update'] Column count:[6] Auto commit mode:[false] Transaction isolation:[1]
2019-02-12 16:00:16 DEBUG JdbcInfo:229 - SQLQuery executed:[SELECT * FROM mut_plaats WHERE type='insert'] Column count:[6] Auto commit mode:[false] Transaction isolation:[1]
2019-02-12 16:00:16 DEBUG JdbcInfo:229 - SQLQuery executed:[SELECT * FROM mut_plaats WHERE type='delete'] Column count:[6] Auto commit mode:[false] Transaction isolation:[1]
2019-02-12 16:00:16 DEBUG JdbcInfo:229 - SQLQuery executed:[SELECT * FROM mut_pcreeks WHERE type='update'] Column count:[11] Auto commit mode:[false] Transaction isolation:[1]
2019-02-12 16:00:16 DEBUG JdbcInfo:229 - SQLQuery executed:[SELECT * FROM mut_pcreeks WHERE type='delete'] Column count:[11] Auto commit mode:[false] Transaction isolation:[1]
2019-02-12 16:00:16 DEBUG JdbcInfo:229 - SQLQuery executed:[SELECT * FROM mut_pcreeks WHERE type='insert'] Column count:[11] Auto commit mode:[false] Transaction isolation:[1]
2019-02-12 16:00:16 DEBUG JdbcInfo:229 - SQLQuery executed:[SELECT * FROM mut_gemeente WHERE type='update'] Column count:[7] Auto commit mode:[false] Transaction isolation:[1]
2019-02-12 16:00:16 DEBUG JdbcInfo:229 - SQLQuery executed:[SELECT * FROM mut_gemeente WHERE type='insert'] Column count:[7] Auto commit mode:[false] Transaction isolation:[1]
2019-02-12 16:00:16 DEBUG JdbcInfo:229 - SQLQuery executed:[SELECT * FROM mut_gemeente WHERE type='delete'] Column count:[7] Auto commit mode:[false] Transaction isolation:[1]
2019-02-12 16:00:16 DEBUG JdbcInfo:197 - Connection succesfull closed
